<?xml version="1.0" encoding="UTF-8"?>
<testng-results skipped="0" failed="0" ignored="0" total="1" passed="1">
  <reporter-output>
  </reporter-output>
  <suite name="Default suite" duration-ms="83570" started-at="2019-06-11T22:39:55Z" finished-at="2019-06-11T22:41:18Z">
    <groups>
    </groups>
    <test name="Default test" duration-ms="83570" started-at="2019-06-11T22:39:55Z" finished-at="2019-06-11T22:41:18Z">
      <class name="volnay.Test.LoginTest">
        <test-method status="PASS" signature="launchBrowser()[pri:0, instance:volnay.Test.LoginTest@e874448]" name="launchBrowser" is-config="true" duration-ms="3896" started-at="2019-06-11T22:39:55Z" finished-at="2019-06-11T22:39:59Z">
          <reporter-output>
          </reporter-output>
        </test-method> <!-- launchBrowser -->
        <test-method status="PASS" signature="test_Home_Page_Appear_Correct(java.lang.String, java.lang.String, java.util.ArrayList)[pri:0, instance:volnay.Test.LoginTest@e874448]" name="test_Home_Page_Appear_Correct" duration-ms="79633" started-at="2019-06-11T22:39:59Z" data-provider="dp" finished-at="2019-06-11T22:41:18Z">
          <params>
            <param index="0">
              <value>
                <![CDATA[infant.derrick.gnanasusairaj@gmail.com]]>
              </value>
            </param>
            <param index="1">
              <value>
                <![CDATA[Gnanasusairaj123]]>
              </value>
            </param>
            <param index="2">
              <value>
                <![CDATA[[volnay.Mod.AddEventFields@57bc27f5, volnay.Mod.AddEventFields@5fb759d6]]]>
              </value>
            </param>
          </params>
          <reporter-output>
          </reporter-output>
        </test-method> <!-- test_Home_Page_Appear_Correct -->
        <test-method status="PASS" signature="afterTest()[pri:0, instance:volnay.Test.LoginTest@e874448]" name="afterTest" is-config="true" duration-ms="0" started-at="2019-06-11T22:41:18Z" finished-at="2019-06-11T22:41:18Z">
          <reporter-output>
          </reporter-output>
        </test-method> <!-- afterTest -->
      </class> <!-- volnay.Test.LoginTest -->
    </test> <!-- Default test -->
  </suite> <!-- Default suite -->
</testng-results>
